mod-host ready!
PROTOCOL: received ''
PROTOCOL: error 'not found'
PROTOCOL: received 'add' 'http://lv2plug.in/plugins/eg-amp' 'plugin_0_7c7439b6'
PROTOCOL: response 'resp 0'
PROTOCOL: received 'add' 'http://lv2plug.in/plugins/eg-amp' 'plugin_1_3c8f8c9a'
PROTOCOL: response 'resp -2'
PROTOCOL: received 'add' 'http://lv2plug.in/plugins/eg-amp' 'plugin_2_7b4f8594'
PROTOCOL: response 'resp -2'
PROTOCOL: received 'add' 'http://lv2plug.in/plugins/eg-amp' 'plugin_3_08739e39'
PROTOCOL: response 'resp -2'
PROTOCOL: received 'add' 'http://lv2plug.in/plugins/eg-amp' 'plugin_4_5ad08f7c'
PROTOCOL: response 'resp -2'
PROTOCOL: received 'param_set' 'plugin_4_5ad08f7c' 'gain' '0.330000'
PROTOCOL: response 'resp 0'
PROTOCOL: received 'param_get' 'plugin_4_5ad08f7c' 'gain'
PROTOCOL: response 'resp 0 0.3300'
PROTOCOL: received 'add' 'http://lv2plug.in/plugins/eg-amp' 'plugin_5_d7cb827f'
PROTOCOL: response 'resp -2'
PROTOCOL: received ''
PROTOCOL: error 'not found'
