Starting session_manager...
Configuration:
  Service Name: session_manager
  Log Level: INFO
  Bridge Endpoint: tcp://127.0.0.1:6000
  Bridge Timeout: 5.0
  ServiceBus Implementation: zeromq
INFO:__main__:Starting session_manager service
INFO:zmq_service:Service 'session_manager' ports: RPC=5718, PUB=6718, SUB=7718
INFO:zmq_service:Starting RPC handler for service 'session_manager'
INFO:zmq_service:ZMQ Service 'session_manager' started successfully
INFO:__main__:ZeroMQ service started
INFO:core.bridge_client:Connected to modhost-bridge at tcp://127.0.0.1:6000
INFO:__main__:Bridge client started (attempt 1)
INFO:core.plugin_manager:Initializing plugin manager
INFO:core.plugin_manager:Loaded 5 available plugins from bridge service
INFO:core.plugin_manager:Plugin manager initialized with 5 available plugins
INFO:__main__:Plugin manager initialized
INFO:__main__:Session manager initialized
INFO:handlers.zmq_handlers:ZeroMQ methods registered
INFO:__main__:session_manager service started successfully
INFO:__main__:Received signal 2, shutINFO:__main__:Received signal 15, shutting down...
INFO:__main__:Shutting down session_manager service
INFO:__main__:Shutting down sessiINFO:__main__:Shutting down session_manager service
INFO:__main__:Shutting down session manager
INFO:core.plugin_manager:Shutting down plugin manager
INFO:core.plugin_manager:Cleared all plugin instances
INFO:core.plugin_manager:Plugin manager shutdown complete
INFO:__main__:Plugin manager shutdown
INFO:core.bridge_client:Disconnected from modhost-bridge
INFO:__main__:Bridge client stopped
INFO:zmq_service:ZMQ Service 'session_manager' stopped
INFO:__main__:ZeroMQ service stopped
INFO:__main__:Shutting down session_manager service
